{"C:\\Users\\lenovo\\Documents\\MICROVERSE-PROJECTS\\to-do-list-webpack-project\\src\\removeList.js": {"path":"C:\\Users\\lenovo\\Documents\\MICROVERSE-PROJECTS\\to-do-list-webpack-project\\src\\removeList.js","statementMap":{"0":{"start":{"line":1,"column":42},"end":{"line":1,"column":61}},"1":{"start":{"line":3,"column":19},"end":{"line":88,"column":1}},"2":{"start":{"line":5,"column":20},"end":{"line":5,"column":57}},"3":{"start":{"line":6,"column":2},"end":{"line":87,"column":5}},"4":{"start":{"line":7,"column":21},"end":{"line":7,"column":51}},"5":{"start":{"line":8,"column":22},"end":{"line":8,"column":54}},"6":{"start":{"line":9,"column":24},"end":{"line":9,"column":45}},"7":{"start":{"line":12,"column":4},"end":{"line":21,"column":7}},"8":{"start":{"line":14,"column":6},"end":{"line":14,"column":38}},"9":{"start":{"line":15,"column":6},"end":{"line":15,"column":57}},"10":{"start":{"line":16,"column":6},"end":{"line":16,"column":42}},"11":{"start":{"line":19,"column":6},"end":{"line":19,"column":41}},"12":{"start":{"line":20,"column":6},"end":{"line":20,"column":26}},"13":{"start":{"line":23,"column":4},"end":{"line":36,"column":7}},"14":{"start":{"line":24,"column":6},"end":{"line":35,"column":7}},"15":{"start":{"line":25,"column":8},"end":{"line":25,"column":31}},"16":{"start":{"line":26,"column":8},"end":{"line":26,"column":44}},"17":{"start":{"line":27,"column":8},"end":{"line":27,"column":43}},"18":{"start":{"line":28,"column":8},"end":{"line":28,"column":47}},"19":{"start":{"line":29,"column":8},"end":{"line":29,"column":56}},"20":{"start":{"line":31,"column":22},"end":{"line":31,"column":52}},"21":{"start":{"line":32,"column":8},"end":{"line":32,"column":57}},"22":{"start":{"line":34,"column":8},"end":{"line":34,"column":61}},"23":{"start":{"line":39,"column":4},"end":{"line":71,"column":7}},"24":{"start":{"line":40,"column":17},"end":{"line":40,"column":45}},"25":{"start":{"line":41,"column":26},"end":{"line":41,"column":47}},"26":{"start":{"line":42,"column":20},"end":{"line":42,"column":50}},"27":{"start":{"line":43,"column":23},"end":{"line":43,"column":53}},"28":{"start":{"line":44,"column":6},"end":{"line":68,"column":7}},"29":{"start":{"line":45,"column":8},"end":{"line":45,"column":46}},"30":{"start":{"line":46,"column":8},"end":{"line":46,"column":37}},"31":{"start":{"line":47,"column":8},"end":{"line":47,"column":42}},"32":{"start":{"line":49,"column":8},"end":{"line":49,"column":44}},"33":{"start":{"line":50,"column":8},"end":{"line":50,"column":58}},"34":{"start":{"line":51,"column":8},"end":{"line":51,"column":43}},"35":{"start":{"line":52,"column":8},"end":{"line":52,"column":47}},"36":{"start":{"line":53,"column":8},"end":{"line":53,"column":56}},"37":{"start":{"line":55,"column":8},"end":{"line":55,"column":36}},"38":{"start":{"line":56,"column":8},"end":{"line":56,"column":32}},"39":{"start":{"line":58,"column":8},"end":{"line":58,"column":45}},"40":{"start":{"line":59,"column":8},"end":{"line":59,"column":38}},"41":{"start":{"line":61,"column":8},"end":{"line":61,"column":50}},"42":{"start":{"line":62,"column":8},"end":{"line":62,"column":44}},"43":{"start":{"line":63,"column":8},"end":{"line":63,"column":43}},"44":{"start":{"line":64,"column":8},"end":{"line":64,"column":47}},"45":{"start":{"line":65,"column":8},"end":{"line":65,"column":56}},"46":{"start":{"line":66,"column":8},"end":{"line":66,"column":37}},"47":{"start":{"line":67,"column":8},"end":{"line":67,"column":33}},"48":{"start":{"line":70,"column":6},"end":{"line":70,"column":59}},"49":{"start":{"line":73,"column":4},"end":{"line":86,"column":7}},"50":{"start":{"line":74,"column":6},"end":{"line":74,"column":30}},"51":{"start":{"line":75,"column":20},"end":{"line":75,"column":50}},"52":{"start":{"line":77,"column":6},"end":{"line":77,"column":18}},"53":{"start":{"line":79,"column":6},"end":{"line":79,"column":33}},"54":{"start":{"line":81,"column":6},"end":{"line":83,"column":9}},"55":{"start":{"line":82,"column":8},"end":{"line":82,"column":23}},"56":{"start":{"line":85,"column":6},"end":{"line":85,"column":59}},"57":{"start":{"line":90,"column":0},"end":{"line":90,"column":32}}},"fnMap":{"0":{"name":"(anonymous_0)","decl":{"start":{"line":3,"column":19},"end":{"line":3,"column":20}},"loc":{"start":{"line":3,"column":30},"end":{"line":88,"column":1}},"line":3},"1":{"name":"(anonymous_1)","decl":{"start":{"line":6,"column":20},"end":{"line":6,"column":21}},"loc":{"start":{"line":6,"column":28},"end":{"line":87,"column":3}},"line":6},"2":{"name":"(anonymous_2)","decl":{"start":{"line":12,"column":33},"end":{"line":12,"column":34}},"loc":{"start":{"line":12,"column":39},"end":{"line":21,"column":5}},"line":12},"3":{"name":"(anonymous_3)","decl":{"start":{"line":23,"column":44},"end":{"line":23,"column":45}},"loc":{"start":{"line":23,"column":55},"end":{"line":36,"column":5}},"line":23},"4":{"name":"(anonymous_4)","decl":{"start":{"line":39,"column":40},"end":{"line":39,"column":41}},"loc":{"start":{"line":39,"column":46},"end":{"line":71,"column":5}},"line":39},"5":{"name":"(anonymous_5)","decl":{"start":{"line":73,"column":40},"end":{"line":73,"column":41}},"loc":{"start":{"line":73,"column":51},"end":{"line":86,"column":5}},"line":73},"6":{"name":"(anonymous_6)","decl":{"start":{"line":81,"column":20},"end":{"line":81,"column":21}},"loc":{"start":{"line":81,"column":33},"end":{"line":83,"column":7}},"line":81}},"branchMap":{"0":{"loc":{"start":{"line":24,"column":6},"end":{"line":35,"column":7}},"type":"if","locations":[{"start":{"line":24,"column":6},"end":{"line":35,"column":7}},{"start":{},"end":{}}],"line":24},"1":{"loc":{"start":{"line":44,"column":6},"end":{"line":68,"column":7}},"type":"if","locations":[{"start":{"line":44,"column":6},"end":{"line":68,"column":7}},{"start":{"line":57,"column":13},"end":{"line":68,"column":7}}],"line":44}},"s":{"0":1,"1":1,"2":0,"3":0,"4":0,"5":0,"6":0,"7":0,"8":0,"9":0,"10":0,"11":0,"12":0,"13":0,"14":0,"15":0,"16":0,"17":0,"18":0,"19":0,"20":0,"21":0,"22":0,"23":0,"24":0,"25":0,"26":0,"27":0,"28":0,"29":0,"30":0,"31":0,"32":0,"33":0,"34":0,"35":0,"36":0,"37":0,"38":0,"39":0,"40":0,"41":0,"42":0,"43":0,"44":0,"45":0,"46":0,"47":0,"48":0,"49":0,"50":0,"51":0,"52":0,"53":0,"54":0,"55":0,"56":0,"57":1},"f":{"0":0,"1":0,"2":0,"3":0,"4":0,"5":0,"6":0},"b":{"0":[0,0],"1":[0,0]},"_coverageSchema":"1a1c01bbd47fc00a2c39e90264f33305004495a9","hash":"07eb02d93274a0fe8fb7a7dc787c47369d773c1e"}
,"C:\\Users\\lenovo\\Documents\\MICROVERSE-PROJECTS\\to-do-list-webpack-project\\src\\status.js": {"path":"C:\\Users\\lenovo\\Documents\\MICROVERSE-PROJECTS\\to-do-list-webpack-project\\src\\status.js","statementMap":{"0":{"start":{"line":2,"column":2},"end":{"line":2,"column":24}},"1":{"start":{"line":6,"column":2},"end":{"line":6,"column":25}},"2":{"start":{"line":9,"column":0},"end":{"line":9,"column":51}}},"fnMap":{"0":{"name":"markCompleted","decl":{"start":{"line":1,"column":9},"end":{"line":1,"column":22}},"loc":{"start":{"line":1,"column":29},"end":{"line":3,"column":1}},"line":1},"1":{"name":"markIncomplete","decl":{"start":{"line":5,"column":9},"end":{"line":5,"column":23}},"loc":{"start":{"line":5,"column":30},"end":{"line":7,"column":1}},"line":5}},"branchMap":{},"s":{"0":0,"1":0,"2":1},"f":{"0":0,"1":0},"b":{},"_coverageSchema":"1a1c01bbd47fc00a2c39e90264f33305004495a9","hash":"d87c5cd9dfc82c287826948a2e2fd45b2257c602"}
}
